This is XeTeX, Version 3.14159265-2.6-0.999991 (TeX Live 2019/W32TeX) (preloaded format=xelatex 2019.11.16)  26 NOV 2019 08:50
entering extended mode
 restricted \write18 enabled.
 %&-line parsing enabled.
**tpl_gbk.tex
(./tpl_gbk.tex
Invalid UTF-8 byte or sequence at line 1 replaced by U+FFFD.
Invalid UTF-8 byte or sequence at line 1 replaced by U+FFFD.
Invalid UTF-8 byte or sequence at line 1 replaced by U+FFFD.
Invalid UTF-8 byte or sequence at line 1 replaced by U+FFFD.
Invalid UTF-8 byte or sequence at line 1 replaced by U+FFFD.
Invalid UTF-8 byte or sequence at line 1 replaced by U+FFFD.
Invalid UTF-8 byte or sequence at line 1 replaced by U+FFFD.
Invalid UTF-8 byte or sequence at line 1 replaced by U+FFFD.
Invalid UTF-8 byte or sequence at line 1 replaced by U+FFFD.
Invalid UTF-8 byte or sequence at line 1 replaced by U+FFFD.

LaTeX2e <2018-12-01>
)
! Emergency stop.
<*> tpl_gbk.tex
               
*** (job aborted, no legal \end found)

 
Here is how much of TeX's memory you used:
 4 strings out of 492922
 42 string characters out of 6136750
 64272 words of memory out of 5000000
 4153 multiletter control sequences out of 15000+600000
 3640 words of font info for 14 fonts, out of 8000000 for 9000
 1348 hyphenation exceptions out of 8191
 4i,0n,1p,36b,8s stack positions out of 5000i,500n,10000p,200000b,80000s
No pages of output.
